# JRE version: Java(TM) SE Runtime Environment (8.0_92-b14) (build 1.8.0_92-b14)
# Java VM: Java HotSpot(TM) 64-Bit Server VM (25.92-b14 mixed mode linux-amd64 compressed oops)
Heap:
 garbage-first heap   total 262144K, used 125326K [0x00000000c0000000, 0x00000000c0100800, 0x0000000100000000)
  region size 1024K, 17 young (17408K), 9 survivors (9216K)
 Metaspace       used 122735K, capacity 134914K, committed 135016K, reserved 1167360K
  class space    used 14336K, capacity 17720K, committed 17768K, reserved 1048576K
GC Heap History (10 events):
Event: 5170.904 GC heap before
{Heap before GC invocations=55 (full 4):
 garbage-first heap   total 262144K, used 222483K [0x00000000c0000000, 0x00000000c0100800, 0x0000000100000000)
  region size 1024K, 115 young (117760K), 11 survivors (11264K)
 Metaspace       used 121217K, capacity 133132K, committed 133352K, reserved 1165312K
  class space    used 14220K, capacity 17520K, committed 17640K, reserved 1048576K
Event: 5170.915 GC heap after
Heap after GC invocations=56 (full 4):
 garbage-first heap   total 262144K, used 112953K [0x00000000c0000000, 0x00000000c0100800, 0x0000000100000000)
  region size 1024K, 5 young (5120K), 5 survivors (5120K)
 Metaspace       used 121217K, capacity 133132K, committed 133352K, reserved 1165312K
  class space    used 14220K, capacity 17520K, committed 17640K, reserved 1048576K
}
Event: 5212.021 GC heap before
{Heap before GC invocations=56 (full 4):
 garbage-first heap   total 262144K, used 228665K [0x00000000c0000000, 0x00000000c0100800, 0x0000000100000000)
  region size 1024K, 118 young (120832K), 5 survivors (5120K)
 Metaspace       used 121980K, capacity 133932K, committed 134120K, reserved 1165312K
  class space    used 14272K, capacity 17552K, committed 17640K, reserved 1048576K
Event: 5212.047 GC heap after
Heap after GC invocations=57 (full 4):
 garbage-first heap   total 262144K, used 116537K [0x00000000c0000000, 0x00000000c0100800, 0x0000000100000000)
  region size 1024K, 8 young (8192K), 8 survivors (8192K)
 Metaspace       used 121980K, capacity 133932K, committed 134120K, reserved 1165312K
  class space    used 14272K, capacity 17552K, committed 17640K, reserved 1048576K
}
Event: 5243.026 GC heap before
{Heap before GC invocations=57 (full 4):
 garbage-first heap   total 262144K, used 226105K [0x00000000c0000000, 0x00000000c0100800, 0x0000000100000000)
  region size 1024K, 115 young (117760K), 8 survivors (8192K)
 Metaspace       used 122359K, capacity 134526K, committed 134760K, reserved 1167360K
  class space    used 14318K, capacity 17678K, committed 17768K, reserved 1048576K
Event: 5243.060 GC heap after
Heap after GC invocations=58 (full 4):
 garbage-first heap   total 262144K, used 118585K [0x00000000c0000000, 0x00000000c0100800, 0x0000000100000000)
  region size 1024K, 10 young (10240K), 10 survivors (10240K)
 Metaspace       used 122359K, capacity 134526K, committed 134760K, reserved 1167360K
  class space    used 14318K, capacity 17678K, committed 17768K, reserved 1048576K
}
Event: 5343.350 GC heap before
{Heap before GC invocations=58 (full 4):
 garbage-first heap   total 262144K, used 224057K [0x00000000c0000000, 0x00000000c0100800, 0x0000000100000000)
  region size 1024K, 113 young (115712K), 10 survivors (10240K)
 Metaspace       used 122583K, capacity 134666K, committed 135016K, reserved 1167360K
  class space    used 14324K, capacity 17680K, committed 17768K, reserved 1048576K
Event: 5343.362 GC heap after
Heap after GC invocations=59 (full 4):
 garbage-first heap   total 262144K, used 118585K [0x00000000c0000000, 0x00000000c0100800, 0x0000000100000000)
  region size 1024K, 10 young (10240K), 10 survivors (10240K)
 Metaspace       used 122583K, capacity 134666K, committed 135016K, reserved 1167360K
  class space    used 14324K, capacity 17680K, committed 17768K, reserved 1048576K
}
Event: 5398.988 GC heap before
{Heap before GC invocations=59 (full 4):
 garbage-first heap   total 262144K, used 224057K [0x00000000c0000000, 0x00000000c0100800, 0x0000000100000000)
  region size 1024K, 113 young (115712K), 10 survivors (10240K)
 Metaspace       used 122712K, capacity 134850K, committed 135016K, reserved 1167360K
  class space    used 14336K, capacity 17720K, committed 17768K, reserved 1048576K
Event: 5399.002 GC heap after
Heap after GC invocations=60 (full 4):
 garbage-first heap   total 262144K, used 118158K [0x00000000c0000000, 0x00000000c0100800, 0x0000000100000000)
  region size 1024K, 9 young (9216K), 9 survivors (9216K)
 Metaspace       used 122712K, capacity 134850K, committed 135016K, reserved 1167360K
  class space    used 14336K, capacity 17720K, committed 17768K, reserved 1048576K
}

